#
# There is insufficient memory for the Java Runtime Environment to continue.
# Native memory allocation (mmap) failed to map 132120576 bytes. Error detail: G1 virtual space
# Possible reasons:
#   The system is out of physical RAM or swap space
#   This process is running with CompressedOops enabled, and the Java Heap may be blocking the growth of the native heap
# Possible solutions:
#   Reduce memory load on the system
#   Increase physical memory or swap space
#   Check if swap backing store is full
#   Decrease Java heap size (-Xmx/-Xms)
#   Decrease number of Java threads
#   Decrease Java thread stack sizes (-Xss)
#   Set larger code cache with -XX:ReservedCodeCacheSize=
#   JVM is running with Unscaled Compressed Oops mode in which the Java heap is
#     placed in the first 4GB address space. The Java Heap base address is the
#     maximum limit for the native heap growth. Please use -XX:HeapBaseMinAddress
#     to set the Java Heap base and to place the Java Heap above 4GB virtual address.
# This output file may be truncated or incomplete.
#
#  Out of Memory Error (os_windows.cpp:3898), pid=6172, tid=2988
#
# JRE version:  (21.0.6+8) (build )
# Java VM: OpenJDK 64-Bit Server VM (21.0.6+8-b631.39, mixed mode, sharing, tiered, compressed oops, compressed class ptrs, g1 gc, windows-amd64)
# No core dump will be written. Minidumps are not enabled by default on client versions of Windows
#

---------------  S U M M A R Y ------------

Command Line: git4idea.http.GitAskPassApp Username for 'https://github.com': 

Host: Intel(R) Core(TM) i7-10510U CPU @ 1.80GHz, 8 cores, 7G,  Windows 11 , 64 bit Build 26100 (10.0.26100.3775)
Time: Mon May 12 13:58:08 2025  Windows 11 , 64 bit Build 26100 (10.0.26100.3775) elapsed time: 1.082172 seconds (0d 0h 0m 1s)

---------------  T H R E A D  ---------------

Current thread (0x0000013ae656ab30):  JavaThread "Unknown thread" [_thread_in_vm, id=2988, stack(0x0000001439d00000,0x0000001439e00000) (1024K)]

Stack: [0x0000001439d00000,0x0000001439e00000]
Native frames: (J=compiled Java code, j=interpreted, Vv=VM code, C=native code)
V  [jvm.dll+0x6e5d39]
V  [jvm.dll+0x8c4133]
V  [jvm.dll+0x8c668e]
V  [jvm.dll+0x8c6d73]
V  [jvm.dll+0x288f76]
V  [jvm.dll+0x6e25f5]
V  [jvm.dll+0x6d60aa]
V  [jvm.dll+0x3635bb]
V  [jvm.dll+0x36b186]
V  [jvm.dll+0x3bd4b6]
V  [jvm.dll+0x3bd788]
V  [jvm.dll+0x335d2c]
V  [jvm.dll+0x336a1b]
V  [jvm.dll+0x88b589]
V  [jvm.dll+0x3ca688]
V  [jvm.dll+0x874698]
V  [jvm.dll+0x45f04e]
V  [jvm.dll+0x460d31]
C  [jli.dll+0x52ab]
C  [ucrtbase.dll+0x37b0]
C  [KERNEL32.DLL+0x2e8d7]
C  [ntdll.dll+0xb14fc]


---------------  P R O C E S S  ---------------

Threads class SMR info:
_java_thread_list=0x00007ff8acf1a148, length=0, elements={
}

Java Threads: ( => current thread )
Total: 0

Other Threads:
  0x0000013ae8ca5830 WorkerThread "GC Thread#0"                     [id=16880, stack(0x0000001439e00000,0x0000001439f00000) (1024K)]
  0x0000013ae8cade70 ConcurrentGCThread "G1 Main Marker"            [id=2304, stack(0x0000001439f00000,0x000000143a000000) (1024K)]
  0x0000013ae8caeb40 WorkerThread "G1 Conc#0"                       [id=720, stack(0x000000143a000000,0x000000143a100000) (1024K)]

[error occurred during error reporting (printing all threads), id 0xc0000005, EXCEPTION_ACCESS_VIOLATION (0xc0000005) at pc=0x00007ff8ac608de7]
VM state: not at safepoint (not fully initialized)

VM Mutex/Monitor currently owned by a thread:  ([mutex/lock_event])
[0x00007ff8acf8eb30] Heap_lock - owner thread: 0x0000013ae656ab30

Heap address: 0x0000000082800000, size: 2008 MB, Compressed Oops mode: 32-bit

CDS archive(s) mapped at: [0x0000000000000000-0x0000000000000000-0x0000000000000000), size 0, SharedBaseAddress: 0x0000000800000000, ArchiveRelocationMode: 1.
Narrow klass base: 0x0000000000000000, Narrow klass shift: 0, Narrow klass range: 0x0

GC Precious Log:
 CardTable entry size: 512
 Card Set container configuration: InlinePtr #cards 5 size 8 Array Of Cards #cards 12 size 40 Howl #buckets 4 coarsen threshold 1843 Howl Bitmap #cards 512 size 80 coarsen threshold 460 Card regions per heap region 1 cards per card region 2048

Heap:
 garbage-first heap   total 0K, used 0K [0x0000000082800000, 0x0000000100000000)
  region size 1024K, 0 young (0K), 0 survivors (0K)
 Metaspace       used 0K, committed 0K, reserved 0K
  class space    used 0K, committed 0K, reserved 0K

Heap Regions: E=young(eden), S=young(survivor), O=old, HS=humongous(starts), HC=humongous(continues), CS=collection set, F=free, TAMS=top-at-mark-start, PB=parsable bottom

Card table byte_map: [0x0000013afc2a0000,0x0000013afc690000] _byte_map_base: 0x0000013afbe8c000

Marking Bits: (CMBitMap*) 0x0000013afe6108a0
 Bits: [0x0000013afc690000, 0x0000013afe5f0000)

GC Heap History (0 events):
No events

Dll operation events (1 events):
Event: 0.008 Loaded shared library C:\Program Files\JetBrains\PhpStorm 2024.3.3\jbr\bin\java.dll

Deoptimization events (0 events):
No events

Classes loaded (0 events):
No events

Classes unloaded (0 events):
No events

Classes redefined (0 events):
No events

Internal exceptions (0 events):
No events

ZGC Phase Switch (0 events):
No events

VM Operations (0 events):
No events

Memory protections (0 events):
No events

Nmethod flushes (0 events):
No events

Events (0 events):
No events


Dynamic libraries:
0x00007ff7a7390000 - 0x00007ff7a739a000 	C:\Program Files\JetBrains\PhpStorm 2024.3.3\jbr\bin\java.exe
0x00007ff94b7a0000 - 0x00007ff94ba00000 	C:\WINDOWS\SYSTEM32\ntdll.dll
0x00007ff94aa70000 - 0x00007ff94ab37000 	C:\WINDOWS\System32\KERNEL32.DLL
0x00007ff948cf0000 - 0x00007ff9490ba000 	C:\WINDOWS\System32\KERNELBASE.dll
0x00007ff945a60000 - 0x00007ff945afc000 	C:\WINDOWS\SYSTEM32\apphelp.dll
0x00007ff8b2440000 - 0x00007ff8b28e5000 	C:\WINDOWS\SYSTEM32\AcLayers.DLL
0x00007ff94b6b0000 - 0x00007ff94b759000 	C:\WINDOWS\System32\msvcrt.dll
0x00007ff94a4f0000 - 0x00007ff94a554000 	C:\WINDOWS\System32\SHLWAPI.dll
0x00007ff914c10000 - 0x00007ff914c23000 	C:\WINDOWS\SYSTEM32\SortWindows61.dll
0x00007ff949310000 - 0x00007ff94945b000 	C:\WINDOWS\System32\ucrtbase.dll
0x00007ff9145c0000 - 0x00007ff9145db000 	C:\Program Files\JetBrains\PhpStorm 2024.3.3\jbr\bin\VCRUNTIME140.dll
0x00007ff917f10000 - 0x00007ff917f28000 	C:\Program Files\JetBrains\PhpStorm 2024.3.3\jbr\bin\jli.dll
0x00007ff94b190000 - 0x00007ff94b35c000 	C:\WINDOWS\System32\USER32.dll
0x00007ff9492e0000 - 0x00007ff949307000 	C:\WINDOWS\System32\win32u.dll
0x00007ff9302c0000 - 0x00007ff930557000 	C:\WINDOWS\WinSxS\amd64_microsoft.windows.common-controls_6595b64144ccf1df_6.0.26100.3624_none_3e086962e3345f24\COMCTL32.dll
0x00007ff94b4d0000 - 0x00007ff94b4fa000 	C:\WINDOWS\System32\GDI32.dll
0x00007ff949460000 - 0x00007ff949591000 	C:\WINDOWS\System32\gdi32full.dll
0x00007ff949230000 - 0x00007ff9492d3000 	C:\WINDOWS\System32\msvcp_win.dll
0x00007ff94ac40000 - 0x00007ff94ac6f000 	C:\WINDOWS\System32\IMM32.DLL
0x00007ff942590000 - 0x00007ff94259c000 	C:\Program Files\JetBrains\PhpStorm 2024.3.3\jbr\bin\vcruntime140_1.dll
0x00007ff8ffb50000 - 0x00007ff8ffbdd000 	C:\Program Files\JetBrains\PhpStorm 2024.3.3\jbr\bin\msvcp140.dll
0x00007ff8ac2c0000 - 0x00007ff8ad081000 	C:\Program Files\JetBrains\PhpStorm 2024.3.3\jbr\bin\server\jvm.dll
0x00007ff94b360000 - 0x00007ff94b412000 	C:\WINDOWS\System32\ADVAPI32.dll
0x00007ff94b500000 - 0x00007ff94b5a6000 	C:\WINDOWS\System32\sechost.dll
0x00007ff94a670000 - 0x00007ff94a786000 	C:\WINDOWS\System32\RPCRT4.dll
0x00007ff94a930000 - 0x00007ff94a9a4000 	C:\WINDOWS\System32\WS2_32.dll
0x00007ff947960000 - 0x00007ff9479be000 	C:\WINDOWS\SYSTEM32\POWRPROF.dll
0x00007ff935ef0000 - 0x00007ff935f26000 	C:\WINDOWS\SYSTEM32\WINMM.dll
0x00007ff9412c0000 - 0x00007ff9412cb000 	C:\WINDOWS\SYSTEM32\VERSION.dll
0x00007ff947940000 - 0x00007ff947954000 	C:\WINDOWS\SYSTEM32\UMPDC.dll
0x00007ff947800000 - 0x00007ff94781a000 	C:\WINDOWS\SYSTEM32\kernel.appcore.dll
0x00007ff941840000 - 0x00007ff94184a000 	C:\Program Files\JetBrains\PhpStorm 2024.3.3\jbr\bin\jimage.dll
0x00007ff93c390000 - 0x00007ff93c5d1000 	C:\WINDOWS\SYSTEM32\DBGHELP.DLL
0x00007ff949cd0000 - 0x00007ff94a052000 	C:\WINDOWS\System32\combase.dll
0x00007ff94aec0000 - 0x00007ff94af96000 	C:\WINDOWS\System32\OLEAUT32.dll
0x00007ff8f4090000 - 0x00007ff8f40c9000 	C:\WINDOWS\SYSTEM32\dbgcore.DLL
0x00007ff948bc0000 - 0x00007ff948c59000 	C:\WINDOWS\System32\bcryptPrimitives.dll
0x00007ff913fc0000 - 0x00007ff913fe0000 	C:\Program Files\JetBrains\PhpStorm 2024.3.3\jbr\bin\java.dll

dbghelp: loaded successfully - version: 4.0.5 - missing functions: none
symbol engine: initialized successfully - sym options: 0x614 - pdb path: .;C:\Program Files\JetBrains\PhpStorm 2024.3.3\jbr\bin;C:\WINDOWS\SYSTEM32;C:\WINDOWS\WinSxS\amd64_microsoft.windows.common-controls_6595b64144ccf1df_6.0.26100.3624_none_3e086962e3345f24;C:\Program Files\JetBrains\PhpStorm 2024.3.3\jbr\bin\server

VM Arguments:
java_command: git4idea.http.GitAskPassApp Username for 'https://github.com': 
java_class_path (initial): C:/Program Files/JetBrains/PhpStorm 2024.3.3/plugins/vcs-git/lib/git4idea-rt.jar;C:/Program Files/JetBrains/PhpStorm 2024.3.3/lib/externalProcess-rt.jar
Launcher Type: SUN_STANDARD

[Global flags]
     intx CICompilerCount                          = 4                                         {product} {ergonomic}
     uint ConcGCThreads                            = 2                                         {product} {ergonomic}
     uint G1ConcRefinementThreads                  = 8                                         {product} {ergonomic}
   size_t G1HeapRegionSize                         = 1048576                                   {product} {ergonomic}
    uintx GCDrainStackTargetSize                   = 64                                        {product} {ergonomic}
   size_t InitialHeapSize                          = 132120576                                 {product} {ergonomic}
   size_t MarkStackSize                            = 4194304                                   {product} {ergonomic}
   size_t MaxHeapSize                              = 2105540608                                {product} {ergonomic}
   size_t MinHeapDeltaBytes                        = 1048576                                   {product} {ergonomic}
   size_t MinHeapSize                              = 8388608                                   {product} {ergonomic}
    uintx NonNMethodCodeHeapSize                   = 5839372                                {pd product} {ergonomic}
    uintx NonProfiledCodeHeapSize                  = 122909434                              {pd product} {ergonomic}
    uintx ProfiledCodeHeapSize                     = 122909434                              {pd product} {ergonomic}
    uintx ReservedCodeCacheSize                    = 251658240                              {pd product} {ergonomic}
     bool SegmentedCodeCache                       = true                                      {product} {ergonomic}
   size_t SoftMaxHeapSize                          = 2105540608                             {manageable} {ergonomic}
     bool UseCompressedOops                        = true                           {product lp64_product} {ergonomic}
     bool UseG1GC                                  = true                                      {product} {ergonomic}
     bool UseLargePagesIndividualAllocation        = false                                  {pd product} {ergonomic}

Logging:
Log output configuration:
 #0: stdout all=warning uptime,level,tags foldmultilines=false
 #1: stderr all=off uptime,level,tags foldmultilines=false

Environment Variables:
PATH=C:/Program Files/Git/mingw64/libexec/git-core;C:/Program Files/Git/mingw64/libexec/git-core;C:\Program Files\Git\mingw64\bin;C:\Program Files\Git\usr\bin;C:\Users\lenovo\bin;C:\Program Files\Common Files\Oracle\Java\javapath;C:\Program Files (x86)\Common Files\Oracle\Java\java8path;C:\Program Files (x86)\Common Files\Oracle\Java\javapath;C:\Program Files\Microsoft\jdk-11.0.16.101-hotspot\bin;C:\WINDOWS\system32;C:\WINDOWS;C:\WINDOWS\System32\Wbem;C:\WINDOWS\System32\WindowsPowerShell\v1.0\;C:\WINDOWS\System32\OpenSSH\;C:\Program Files (x86)\Windows Kits\10\Windows Performance Toolkit\;C:\Program Files\Java\jdk-21\bin;C:\Program Files\Git\cmd;C:\Users\lenovo\AppData\Local\Programs\Python\Python313\Scripts\;C:\Users\lenovo\AppData\Local\Programs\Python\Python313\;C:\Users\lenovo\AppData\Local\Programs\Python\Launcher\;C:\Users\lenovo\AppData\Local\Microsoft\WindowsApps;C:\Users\lenovo\AppData\Local\Programs\Microsoft VS Code\bin;C:\Users\lenovo\Documents\IntelliJ IDEA 2024.2.3\bin;C:\Users\lenovo\Desktop\666\8\IntelliJ IDEA Community Edition 2024.2.3\bin;C:\Program Files\JetBrains\PhpStorm 2024.3.3\bin
USERNAME=lenovo
DISPLAY=:0.0
LC_ALL=en_US.UTF-8
TERM=cygwin
TMPDIR=C:\Users\lenovo\AppData\Local\Temp
OS=Windows_NT
PROCESSOR_IDENTIFIER=Intel64 Family 6 Model 142 Stepping 12, GenuineIntel
TMP=C:\Users\lenovo\AppData\Local\Temp
TEMP=C:\Users\lenovo\AppData\Local\Temp




Periodic native trim disabled

JNI global refs:
JNI global refs: 0, weak refs: 0

JNI global refs memory usage: 0, weak refs: 0

Process memory usage:
Resident Set Size: 17124K (0% of 8218420K total physical memory with 860040K free physical memory)

OOME stack traces (most recent first):
Classloader memory used:

---------------  S Y S T E M  ---------------

OS:
 Windows 11 , 64 bit Build 26100 (10.0.26100.3775)
OS uptime: 0 days 2:47 hours

CPU: total 8 (initial active 8) (4 cores per cpu, 2 threads per core) family 6 model 142 stepping 12 microcode 0xf0, cx8, cmov, fxsr, ht, mmx, 3dnowpref, sse, sse2, sse3, ssse3, sse4.1, sse4.2, popcnt, lzcnt, tsc, tscinvbit, avx, avx2, aes, erms, clmul, bmi1, bmi2, adx, fma, vzeroupper, clflush, clflushopt, rdtscp, f16c
Processor Information for the first 8 processors :
  Max Mhz: 2304, Current Mhz: 1803, Mhz Limit: 1797

Memory: 4k page, system-wide physical 8025M (839M free)
TotalPageFile size 12121M (AvailPageFile size 117M)
current process WorkingSet (physical memory assigned to process): 16M, peak: 16M
current process commit charge ("private bytes"): 66M, peak: 191M

vm_info: OpenJDK 64-Bit Server VM (21.0.6+8-b631.39) for windows-amd64 JRE (21.0.6+8-b631.39), built on 2025-02-04 by "builduser" with MS VC++ 16.10 / 16.11 (VS2019)

END.
